2025-09-26 16:20:15,689 - INFO - Starting data combining...
2025-09-26 16:20:15,689 - INFO - 
--- Processing stocks from historical_data_full ---
2025-09-26 16:20:15,690 - INFO - Found 255 CSV files in historical_data_full
2025-09-26 16:20:15,735 - INFO - Loaded file: historical_data_full\ABIO_history.csv, rows: 500
2025-09-26 16:20:15,737 - INFO - Processing asset: ABIO (type: stocks)
2025-09-26 16:20:15,772 - INFO - Loaded file: historical_data_full\ABRD_history.csv, rows: 500
2025-09-26 16:20:15,773 - INFO - Processing asset: ABRD (type: stocks)
2025-09-26 16:20:15,807 - INFO - Loaded file: historical_data_full\AFKS_history.csv, rows: 500
2025-09-26 16:20:15,809 - INFO - Processing asset: AFKS (type: stocks)
2025-09-26 16:20:15,831 - INFO - Loaded file: historical_data_full\AFLT_history.csv, rows: 500
2025-09-26 16:20:15,833 - INFO - Processing asset: AFLT (type: stocks)
2025-09-26 16:20:15,852 - INFO - Loaded file: historical_data_full\AKRN_history.csv, rows: 500
2025-09-26 16:20:15,854 - INFO - Processing asset: AKRN (type: stocks)
2025-09-26 16:20:15,878 - INFO - Loaded file: historical_data_full\ALRS_history.csv, rows: 500
2025-09-26 16:20:15,880 - INFO - Processing asset: ALRS (type: stocks)
2025-09-26 16:20:15,910 - INFO - Loaded file: historical_data_full\AMEZ_history.csv, rows: 214
2025-09-26 16:20:15,912 - INFO - Processing asset: AMEZ (type: stocks)
2025-09-26 16:20:15,950 - INFO - Loaded file: historical_data_full\APRI_history.csv, rows: 302
2025-09-26 16:20:15,951 - INFO - Processing asset: APRI (type: stocks)
2025-09-26 16:20:15,989 - INFO - Loaded file: historical_data_full\APTK_history.csv, rows: 500
2025-09-26 16:20:15,990 - INFO - Processing asset: APTK (type: stocks)
2025-09-26 16:20:16,025 - INFO - Loaded file: historical_data_full\AQUA_history.csv, rows: 500
2025-09-26 16:20:16,027 - INFO - Processing asset: AQUA (type: stocks)
2025-09-26 16:20:16,064 - INFO - Loaded file: historical_data_full\ARSA_history.csv, rows: 500
2025-09-26 16:20:16,066 - INFO - Processing asset: ARSA (type: stocks)
2025-09-26 16:20:16,105 - INFO - Loaded file: historical_data_full\ASSB_history.csv, rows: 500
2025-09-26 16:20:16,106 - INFO - Processing asset: ASSB (type: stocks)
2025-09-26 16:20:16,140 - INFO - Loaded file: historical_data_full\ASTR_history.csv, rows: 500
2025-09-26 16:20:16,141 - INFO - Processing asset: ASTR (type: stocks)
2025-09-26 16:20:16,172 - INFO - Loaded file: historical_data_full\AVAN_history.csv, rows: 500
2025-09-26 16:20:16,174 - INFO - Processing asset: AVAN (type: stocks)
2025-09-26 16:20:16,209 - INFO - Loaded file: historical_data_full\BANEP_history.csv, rows: 500
2025-09-26 16:20:16,210 - INFO - Processing asset: BANEP (type: stocks)
2025-09-26 16:20:16,260 - INFO - Loaded file: historical_data_full\BANE_history.csv, rows: 500
2025-09-26 16:20:16,261 - INFO - Processing asset: BANE (type: stocks)
2025-09-26 16:20:16,300 - INFO - Loaded file: historical_data_full\BELU_history.csv, rows: 500
2025-09-26 16:20:16,303 - INFO - Processing asset: BELU (type: stocks)
2025-09-26 16:20:16,336 - INFO - Loaded file: historical_data_full\BISVP_history.csv, rows: 500
2025-09-26 16:20:16,338 - INFO - Processing asset: BISVP (type: stocks)
2025-09-26 16:20:16,385 - INFO - Loaded file: historical_data_full\BLNG_history.csv, rows: 500
2025-09-26 16:20:16,386 - INFO - Processing asset: BLNG (type: stocks)
2025-09-26 16:20:16,421 - INFO - Loaded file: historical_data_full\BRZL_history.csv, rows: 500
2025-09-26 16:20:16,423 - INFO - Processing asset: BRZL (type: stocks)
2025-09-26 16:20:16,459 - INFO - Loaded file: historical_data_full\BSPBP_history.csv, rows: 500
2025-09-26 16:20:16,460 - INFO - Processing asset: BSPBP (type: stocks)
2025-09-26 16:20:16,500 - INFO - Loaded file: historical_data_full\BSPB_history.csv, rows: 500
2025-09-26 16:20:16,503 - INFO - Processing asset: BSPB (type: stocks)
2025-09-26 16:20:16,539 - INFO - Loaded file: historical_data_full\CARM_history.csv, rows: 500
2025-09-26 16:20:16,542 - INFO - Processing asset: CARM (type: stocks)
2025-09-26 16:20:16,578 - INFO - Loaded file: historical_data_full\CBOM_history.csv, rows: 500
2025-09-26 16:20:16,579 - INFO - Processing asset: CBOM (type: stocks)
2025-09-26 16:20:16,618 - INFO - Loaded file: historical_data_full\CHGZ_history.csv, rows: 500
2025-09-26 16:20:16,620 - INFO - Processing asset: CHGZ (type: stocks)
2025-09-26 16:20:16,658 - INFO - Loaded file: historical_data_full\CHKZ_history.csv, rows: 500
2025-09-26 16:20:16,660 - INFO - Processing asset: CHKZ (type: stocks)
2025-09-26 16:20:16,694 - INFO - Loaded file: historical_data_full\CHMF_history.csv, rows: 500
2025-09-26 16:20:16,695 - INFO - Processing asset: CHMF (type: stocks)
2025-09-26 16:20:16,729 - INFO - Loaded file: historical_data_full\CHMK_history.csv, rows: 500
2025-09-26 16:20:16,731 - INFO - Processing asset: CHMK (type: stocks)
2025-09-26 16:20:16,765 - INFO - Loaded file: historical_data_full\CNRU_history.csv, rows: 148
2025-09-26 16:20:16,768 - INFO - Processing asset: CNRU (type: stocks)
2025-09-26 16:20:16,808 - INFO - Loaded file: historical_data_full\CNTLP_history.csv, rows: 500
2025-09-26 16:20:16,810 - INFO - Processing asset: CNTLP (type: stocks)
2025-09-26 16:20:16,847 - INFO - Loaded file: historical_data_full\CNTL_history.csv, rows: 500
2025-09-26 16:20:16,849 - INFO - Processing asset: CNTL (type: stocks)
2025-09-26 16:20:16,883 - INFO - Loaded file: historical_data_full\DATA_history.csv, rows: 289
2025-09-26 16:20:16,885 - INFO - Processing asset: DATA (type: stocks)
2025-09-26 16:20:16,919 - INFO - Loaded file: historical_data_full\DELI_history.csv, rows: 452
2025-09-26 16:20:16,921 - INFO - Processing asset: DELI (type: stocks)
2025-09-26 16:20:16,957 - INFO - Loaded file: historical_data_full\DIAS_history.csv, rows: 448
2025-09-26 16:20:16,960 - INFO - Processing asset: DIAS (type: stocks)
2025-09-26 16:20:16,993 - INFO - Loaded file: historical_data_full\DIOD_history.csv, rows: 500
2025-09-26 16:20:16,994 - INFO - Processing asset: DIOD (type: stocks)
2025-09-26 16:20:17,026 - INFO - Loaded file: historical_data_full\DVEC_history.csv, rows: 500
2025-09-26 16:20:17,028 - INFO - Processing asset: DVEC (type: stocks)
2025-09-26 16:20:17,066 - INFO - Loaded file: historical_data_full\DZRDP_history.csv, rows: 500
2025-09-26 16:20:17,067 - INFO - Processing asset: DZRDP (type: stocks)
2025-09-26 16:20:17,101 - INFO - Loaded file: historical_data_full\DZRD_history.csv, rows: 500
2025-09-26 16:20:17,103 - INFO - Processing asset: DZRD (type: stocks)
2025-09-26 16:20:17,140 - INFO - Loaded file: historical_data_full\EELT_history.csv, rows: 500
2025-09-26 16:20:17,142 - INFO - Processing asset: EELT (type: stocks)
2025-09-26 16:20:17,182 - INFO - Loaded file: historical_data_full\ELFV_history.csv, rows: 500
2025-09-26 16:20:17,184 - INFO - Processing asset: ELFV (type: stocks)
2025-09-26 16:20:17,223 - INFO - Loaded file: historical_data_full\ELMT_history.csv, rows: 377
2025-09-26 16:20:17,224 - INFO - Processing asset: ELMT (type: stocks)
2025-09-26 16:20:17,267 - INFO - Loaded file: historical_data_full\ENPG_history.csv, rows: 500
2025-09-26 16:20:17,269 - INFO - Processing asset: ENPG (type: stocks)
2025-09-26 16:20:17,306 - INFO - Loaded file: historical_data_full\ETLN_history.csv, rows: 500
2025-09-26 16:20:17,307 - INFO - Processing asset: ETLN (type: stocks)
2025-09-26 16:20:17,346 - INFO - Loaded file: historical_data_full\EUTR_history.csv, rows: 500
2025-09-26 16:20:17,348 - INFO - Processing asset: EUTR (type: stocks)
2025-09-26 16:20:17,349 - INFO - Skipped error file: historical_data_full\failed_other_tickers_final.csv
2025-09-26 16:20:17,387 - INFO - Loaded file: historical_data_full\FEES_history.csv, rows: 500
2025-09-26 16:20:17,388 - INFO - Processing asset: FEES (type: stocks)
2025-09-26 16:20:17,426 - INFO - Loaded file: historical_data_full\FESH_history.csv, rows: 500
2025-09-26 16:20:17,427 - INFO - Processing asset: FESH (type: stocks)
2025-09-26 16:20:17,460 - INFO - Loaded file: historical_data_full\FIXR_history.csv, rows: 34
2025-09-26 16:20:17,461 - INFO - Processing asset: FIXR (type: stocks)
2025-09-26 16:20:17,500 - INFO - Loaded file: historical_data_full\FLOT_history.csv, rows: 500
2025-09-26 16:20:17,502 - INFO - Processing asset: FLOT (type: stocks)
2025-09-26 16:20:17,546 - INFO - Loaded file: historical_data_full\GAZAP_history.csv, rows: 489
2025-09-26 16:20:17,547 - INFO - Processing asset: GAZAP (type: stocks)
2025-09-26 16:20:17,587 - INFO - Loaded file: historical_data_full\GAZA_history.csv, rows: 490
2025-09-26 16:20:17,589 - INFO - Processing asset: GAZA (type: stocks)
2025-09-26 16:20:17,622 - INFO - Loaded file: historical_data_full\GAZP_history.csv, rows: 500
2025-09-26 16:20:17,624 - INFO - Processing asset: GAZP (type: stocks)
2025-09-26 16:20:17,665 - INFO - Loaded file: historical_data_full\GCHE_history.csv, rows: 500
2025-09-26 16:20:17,667 - INFO - Processing asset: GCHE (type: stocks)
2025-09-26 16:20:17,702 - INFO - Loaded file: historical_data_full\GECO_history.csv, rows: 500
2025-09-26 16:20:17,704 - INFO - Processing asset: GECO (type: stocks)
2025-09-26 16:20:17,738 - INFO - Loaded file: historical_data_full\GEMA_history.csv, rows: 500
2025-09-26 16:20:17,740 - INFO - Processing asset: GEMA (type: stocks)
2025-09-26 16:20:17,783 - INFO - Loaded file: historical_data_full\GEMC_history.csv, rows: 500
2025-09-26 16:20:17,785 - INFO - Processing asset: GEMC (type: stocks)
2025-09-26 16:20:17,821 - INFO - Loaded file: historical_data_full\GMKN_history.csv, rows: 500
2025-09-26 16:20:17,823 - INFO - Processing asset: GMKN (type: stocks)
2025-09-26 16:20:17,859 - INFO - Loaded file: historical_data_full\GTRK_history.csv, rows: 500
2025-09-26 16:20:17,860 - INFO - Processing asset: GTRK (type: stocks)
2025-09-26 16:20:17,910 - INFO - Loaded file: historical_data_full\HEAD_history.csv, rows: 300
2025-09-26 16:20:17,912 - INFO - Processing asset: HEAD (type: stocks)
2025-09-26 16:20:17,953 - INFO - Loaded file: historical_data_full\HIMCP_history.csv, rows: 500
2025-09-26 16:20:17,954 - INFO - Processing asset: HIMCP (type: stocks)
2025-09-26 16:20:17,988 - INFO - Loaded file: historical_data_full\HNFG_history.csv, rows: 500
2025-09-26 16:20:17,990 - INFO - Processing asset: HNFG (type: stocks)
2025-09-26 16:20:18,025 - INFO - Loaded file: historical_data_full\HYDR_history.csv, rows: 500
2025-09-26 16:20:18,027 - INFO - Processing asset: HYDR (type: stocks)
2025-09-26 16:20:18,064 - INFO - Loaded file: historical_data_full\IGSTP_history.csv, rows: 500
2025-09-26 16:20:18,066 - INFO - Processing asset: IGSTP (type: stocks)
2025-09-26 16:20:18,105 - INFO - Loaded file: historical_data_full\IGST_history.csv, rows: 500
2025-09-26 16:20:18,107 - INFO - Processing asset: IGST (type: stocks)
2025-09-26 16:20:18,149 - INFO - Loaded file: historical_data_full\IRAO_history.csv, rows: 500
2025-09-26 16:20:18,151 - INFO - Processing asset: IRAO (type: stocks)
2025-09-26 16:20:18,189 - INFO - Loaded file: historical_data_full\IRKT_history.csv, rows: 500
2025-09-26 16:20:18,190 - INFO - Processing asset: IRKT (type: stocks)
2025-09-26 16:20:18,226 - INFO - Loaded file: historical_data_full\IVAT_history.csv, rows: 371
2025-09-26 16:20:18,228 - INFO - Processing asset: IVAT (type: stocks)
2025-09-26 16:20:18,261 - INFO - Loaded file: historical_data_full\JNOSP_history.csv, rows: 500
2025-09-26 16:20:18,263 - INFO - Processing asset: JNOSP (type: stocks)
2025-09-26 16:20:18,303 - INFO - Loaded file: historical_data_full\JNOS_history.csv, rows: 500
2025-09-26 16:20:18,305 - INFO - Processing asset: JNOS (type: stocks)
2025-09-26 16:20:18,342 - INFO - Loaded file: historical_data_full\KAZTP_history.csv, rows: 500
2025-09-26 16:20:18,343 - INFO - Processing asset: KAZTP (type: stocks)
2025-09-26 16:20:18,386 - INFO - Loaded file: historical_data_full\KAZT_history.csv, rows: 500
2025-09-26 16:20:18,388 - INFO - Processing asset: KAZT (type: stocks)
2025-09-26 16:20:18,428 - INFO - Loaded file: historical_data_full\KBSB_history.csv, rows: 500
2025-09-26 16:20:18,430 - INFO - Processing asset: KBSB (type: stocks)
2025-09-26 16:20:18,435 - INFO - Loaded file: historical_data_full\KCHEP_history.csv, rows: 69
2025-09-26 16:20:18,437 - INFO - Processing asset: KCHEP (type: stocks)
2025-09-26 16:20:18,474 - INFO - Loaded file: historical_data_full\KCHE_history.csv, rows: 500
2025-09-26 16:20:18,476 - INFO - Processing asset: KCHE (type: stocks)
2025-09-26 16:20:18,481 - INFO - Loaded file: historical_data_full\KFBA_history.csv, rows: 74
2025-09-26 16:20:18,483 - INFO - Processing asset: KFBA (type: stocks)
2025-09-26 16:20:18,487 - INFO - Loaded file: historical_data_full\KGKCP_history.csv, rows: 24
2025-09-26 16:20:18,489 - INFO - Processing asset: KGKCP (type: stocks)
2025-09-26 16:20:18,516 - INFO - Loaded file: historical_data_full\KGKC_history.csv, rows: 17
2025-09-26 16:20:18,517 - INFO - Processing asset: KGKC (type: stocks)
2025-09-26 16:20:18,554 - INFO - Loaded file: historical_data_full\KLSB_history.csv, rows: 500
2025-09-26 16:20:18,556 - INFO - Processing asset: KLSB (type: stocks)
2025-09-26 16:20:18,590 - INFO - Loaded file: historical_data_full\KLVZ_history.csv, rows: 425
2025-09-26 16:20:18,592 - INFO - Processing asset: KLVZ (type: stocks)
2025-09-26 16:20:18,626 - INFO - Loaded file: historical_data_full\KMAZ_history.csv, rows: 500
2025-09-26 16:20:18,628 - INFO - Processing asset: KMAZ (type: stocks)
2025-09-26 16:20:18,663 - INFO - Loaded file: historical_data_full\KMEZ_history.csv, rows: 500
2025-09-26 16:20:18,665 - INFO - Processing asset: KMEZ (type: stocks)
2025-09-26 16:20:18,710 - INFO - Loaded file: historical_data_full\KOGK_history.csv, rows: 500
2025-09-26 16:20:18,712 - INFO - Processing asset: KOGK (type: stocks)
2025-09-26 16:20:18,751 - INFO - Loaded file: historical_data_full\KRKNP_history.csv, rows: 500
2025-09-26 16:20:18,753 - INFO - Processing asset: KRKNP (type: stocks)
2025-09-26 16:20:18,785 - INFO - Loaded file: historical_data_full\KRKN_history.csv, rows: 500
2025-09-26 16:20:18,786 - INFO - Processing asset: KRKN (type: stocks)
2025-09-26 16:20:18,822 - INFO - Loaded file: historical_data_full\KRKOP_history.csv, rows: 500
2025-09-26 16:20:18,823 - INFO - Processing asset: KRKOP (type: stocks)
2025-09-26 16:20:18,857 - INFO - Loaded file: historical_data_full\KROTP_history.csv, rows: 500
2025-09-26 16:20:18,858 - INFO - Processing asset: KROTP (type: stocks)
2025-09-26 16:20:18,891 - INFO - Loaded file: historical_data_full\KROT_history.csv, rows: 500
2025-09-26 16:20:18,893 - INFO - Processing asset: KROT (type: stocks)
2025-09-26 16:20:18,927 - INFO - Loaded file: historical_data_full\KRSBP_history.csv, rows: 500
2025-09-26 16:20:18,929 - INFO - Processing asset: KRSBP (type: stocks)
2025-09-26 16:20:18,969 - INFO - Loaded file: historical_data_full\KRSB_history.csv, rows: 500
2025-09-26 16:20:18,971 - INFO - Processing asset: KRSB (type: stocks)
2025-09-26 16:20:19,002 - INFO - Loaded file: historical_data_full\KUZB_history.csv, rows: 500
2025-09-26 16:20:19,004 - INFO - Processing asset: KUZB (type: stocks)
2025-09-26 16:20:19,038 - INFO - Loaded file: historical_data_full\KZOSP_history.csv, rows: 500
2025-09-26 16:20:19,040 - INFO - Processing asset: KZOSP (type: stocks)
2025-09-26 16:20:19,080 - INFO - Loaded file: historical_data_full\KZOS_history.csv, rows: 500
2025-09-26 16:20:19,082 - INFO - Processing asset: KZOS (type: stocks)
2025-09-26 16:20:19,117 - INFO - Loaded file: historical_data_full\LEAS_history.csv, rows: 427
2025-09-26 16:20:19,119 - INFO - Processing asset: LEAS (type: stocks)
2025-09-26 16:20:19,152 - INFO - Loaded file: historical_data_full\LENT_history.csv, rows: 500
2025-09-26 16:20:19,154 - INFO - Processing asset: LENT (type: stocks)
2025-09-26 16:20:19,190 - INFO - Loaded file: historical_data_full\LIFE_history.csv, rows: 490
2025-09-26 16:20:19,191 - INFO - Processing asset: LIFE (type: stocks)
2025-09-26 16:20:19,226 - INFO - Loaded file: historical_data_full\LKOH_history.csv, rows: 500
2025-09-26 16:20:19,227 - INFO - Processing asset: LKOH (type: stocks)
2025-09-26 16:20:19,269 - INFO - Loaded file: historical_data_full\LMBZ_history.csv, rows: 236
2025-09-26 16:20:19,270 - INFO - Processing asset: LMBZ (type: stocks)
2025-09-26 16:20:19,306 - INFO - Loaded file: historical_data_full\LNZLP_history.csv, rows: 500
2025-09-26 16:20:19,308 - INFO - Processing asset: LNZLP (type: stocks)
2025-09-26 16:20:19,346 - INFO - Loaded file: historical_data_full\LNZL_history.csv, rows: 500
2025-09-26 16:20:19,348 - INFO - Processing asset: LNZL (type: stocks)
2025-09-26 16:20:19,379 - INFO - Loaded file: historical_data_full\LPSB_history.csv, rows: 354
2025-09-26 16:20:19,380 - INFO - Processing asset: LPSB (type: stocks)
2025-09-26 16:20:19,411 - INFO - Loaded file: historical_data_full\LSNGP_history.csv, rows: 500
2025-09-26 16:20:19,413 - INFO - Processing asset: LSNGP (type: stocks)
2025-09-26 16:20:19,445 - INFO - Loaded file: historical_data_full\LSNG_history.csv, rows: 500
2025-09-26 16:20:19,447 - INFO - Processing asset: LSNG (type: stocks)
2025-09-26 16:20:19,483 - INFO - Loaded file: historical_data_full\LSRG_history.csv, rows: 500
2025-09-26 16:20:19,484 - INFO - Processing asset: LSRG (type: stocks)
2025-09-26 16:20:19,517 - INFO - Loaded file: historical_data_full\LVHK_history.csv, rows: 500
2025-09-26 16:20:19,519 - INFO - Processing asset: LVHK (type: stocks)
2025-09-26 16:20:19,552 - INFO - Loaded file: historical_data_full\MAGEP_history.csv, rows: 500
2025-09-26 16:20:19,554 - INFO - Processing asset: MAGEP (type: stocks)
2025-09-26 16:20:19,590 - INFO - Loaded file: historical_data_full\MAGE_history.csv, rows: 500
2025-09-26 16:20:19,592 - INFO - Processing asset: MAGE (type: stocks)
2025-09-26 16:20:19,635 - INFO - Loaded file: historical_data_full\MAGN_history.csv, rows: 500
2025-09-26 16:20:19,636 - INFO - Processing asset: MAGN (type: stocks)
2025-09-26 16:20:19,667 - INFO - Loaded file: historical_data_full\MBNK_history.csv, rows: 399
2025-09-26 16:20:19,669 - INFO - Processing asset: MBNK (type: stocks)
2025-09-26 16:20:19,705 - INFO - Loaded file: historical_data_full\MDMG_history.csv, rows: 500
2025-09-26 16:20:19,706 - INFO - Processing asset: MDMG (type: stocks)
2025-09-26 16:20:19,745 - INFO - Loaded file: historical_data_full\MFGSP_history.csv, rows: 500
2025-09-26 16:20:19,747 - INFO - Processing asset: MFGSP (type: stocks)
2025-09-26 16:20:19,782 - INFO - Loaded file: historical_data_full\MFGS_history.csv, rows: 500
2025-09-26 16:20:19,784 - INFO - Processing asset: MFGS (type: stocks)
2025-09-26 16:20:19,825 - INFO - Loaded file: historical_data_full\MGKL_history.csv, rows: 484
2025-09-26 16:20:19,826 - INFO - Processing asset: MGKL (type: stocks)
2025-09-26 16:20:19,859 - INFO - Loaded file: historical_data_full\MGNT_history.csv, rows: 500
2025-09-26 16:20:19,861 - INFO - Processing asset: MGNT (type: stocks)
2025-09-26 16:20:19,892 - INFO - Loaded file: historical_data_full\MGTSP_history.csv, rows: 500
2025-09-26 16:20:19,893 - INFO - Processing asset: MGTSP (type: stocks)
2025-09-26 16:20:19,933 - INFO - Loaded file: historical_data_full\MGTS_history.csv, rows: 500
2025-09-26 16:20:19,935 - INFO - Processing asset: MGTS (type: stocks)
2025-09-26 16:20:19,968 - INFO - Loaded file: historical_data_full\MISBP_history.csv, rows: 500
2025-09-26 16:20:19,970 - INFO - Processing asset: MISBP (type: stocks)
2025-09-26 16:20:20,019 - INFO - Loaded file: historical_data_full\MISB_history.csv, rows: 500
2025-09-26 16:20:20,021 - INFO - Processing asset: MISB (type: stocks)
2025-09-26 16:20:20,058 - INFO - Loaded file: historical_data_full\MOEX_history.csv, rows: 500
2025-09-26 16:20:20,061 - INFO - Processing asset: MOEX (type: stocks)
2025-09-26 16:20:20,099 - INFO - Loaded file: historical_data_full\MRKC_history.csv, rows: 500
2025-09-26 16:20:20,101 - INFO - Processing asset: MRKC (type: stocks)
2025-09-26 16:20:20,136 - INFO - Loaded file: historical_data_full\MRKK_history.csv, rows: 500
2025-09-26 16:20:20,138 - INFO - Processing asset: MRKK (type: stocks)
2025-09-26 16:20:20,171 - INFO - Loaded file: historical_data_full\MRKP_history.csv, rows: 500
2025-09-26 16:20:20,172 - INFO - Processing asset: MRKP (type: stocks)
2025-09-26 16:20:20,206 - INFO - Loaded file: historical_data_full\MRKS_history.csv, rows: 500
2025-09-26 16:20:20,208 - INFO - Processing asset: MRKS (type: stocks)
2025-09-26 16:20:20,247 - INFO - Loaded file: historical_data_full\MRKU_history.csv, rows: 500
2025-09-26 16:20:20,249 - INFO - Processing asset: MRKU (type: stocks)
2025-09-26 16:20:20,281 - INFO - Loaded file: historical_data_full\MRKV_history.csv, rows: 500
2025-09-26 16:20:20,284 - INFO - Processing asset: MRKV (type: stocks)
2025-09-26 16:20:20,320 - INFO - Loaded file: historical_data_full\MRKY_history.csv, rows: 500
2025-09-26 16:20:20,322 - INFO - Processing asset: MRKY (type: stocks)
2025-09-26 16:20:20,356 - INFO - Loaded file: historical_data_full\MRKZ_history.csv, rows: 500
2025-09-26 16:20:20,358 - INFO - Processing asset: MRKZ (type: stocks)
2025-09-26 16:20:20,388 - INFO - Loaded file: historical_data_full\MRSB_history.csv, rows: 500
2025-09-26 16:20:20,389 - INFO - Processing asset: MRSB (type: stocks)
2025-09-26 16:20:20,423 - INFO - Loaded file: historical_data_full\MSNG_history.csv, rows: 500
2025-09-26 16:20:20,425 - INFO - Processing asset: MSNG (type: stocks)
2025-09-26 16:20:20,457 - INFO - Loaded file: historical_data_full\MSRS_history.csv, rows: 500
2025-09-26 16:20:20,459 - INFO - Processing asset: MSRS (type: stocks)
2025-09-26 16:20:20,496 - INFO - Loaded file: historical_data_full\MSTT_history.csv, rows: 500
2025-09-26 16:20:20,497 - INFO - Processing asset: MSTT (type: stocks)
2025-09-26 16:20:20,532 - INFO - Loaded file: historical_data_full\MTLRP_history.csv, rows: 500
2025-09-26 16:20:20,534 - INFO - Processing asset: MTLRP (type: stocks)
2025-09-26 16:20:20,573 - INFO - Loaded file: historical_data_full\MTLR_history.csv, rows: 500
2025-09-26 16:20:20,574 - INFO - Processing asset: MTLR (type: stocks)
2025-09-26 16:20:20,612 - INFO - Loaded file: historical_data_full\MTSS_history.csv, rows: 500
2025-09-26 16:20:20,613 - INFO - Processing asset: MTSS (type: stocks)
2025-09-26 16:20:20,647 - INFO - Loaded file: historical_data_full\MVID_history.csv, rows: 500
2025-09-26 16:20:20,648 - INFO - Processing asset: MVID (type: stocks)
2025-09-26 16:20:20,686 - INFO - Loaded file: historical_data_full\NAUK_history.csv, rows: 500
2025-09-26 16:20:20,687 - INFO - Processing asset: NAUK (type: stocks)
2025-09-26 16:20:20,718 - INFO - Loaded file: historical_data_full\NFAZ_history.csv, rows: 500
2025-09-26 16:20:20,720 - INFO - Processing asset: NFAZ (type: stocks)
2025-09-26 16:20:20,755 - INFO - Loaded file: historical_data_full\NKHP_history.csv, rows: 500
2025-09-26 16:20:20,757 - INFO - Processing asset: NKHP (type: stocks)
2025-09-26 16:20:20,798 - INFO - Loaded file: historical_data_full\NKNCP_history.csv, rows: 500
2025-09-26 16:20:20,800 - INFO - Processing asset: NKNCP (type: stocks)
2025-09-26 16:20:20,895 - INFO - Loaded file: historical_data_full\NKNC_history.csv, rows: 500
2025-09-26 16:20:20,897 - INFO - Processing asset: NKNC (type: stocks)
2025-09-26 16:20:20,943 - INFO - Loaded file: historical_data_full\NKSH_history.csv, rows: 500
2025-09-26 16:20:20,944 - INFO - Processing asset: NKSH (type: stocks)
2025-09-26 16:20:20,977 - INFO - Loaded file: historical_data_full\NLMK_history.csv, rows: 500
2025-09-26 16:20:20,978 - INFO - Processing asset: NLMK (type: stocks)
2025-09-26 16:20:21,013 - INFO - Loaded file: historical_data_full\NMTP_history.csv, rows: 500
2025-09-26 16:20:21,014 - INFO - Processing asset: NMTP (type: stocks)
2025-09-26 16:20:21,048 - INFO - Loaded file: historical_data_full\NNSBP_history.csv, rows: 500
2025-09-26 16:20:21,050 - INFO - Processing asset: NNSBP (type: stocks)
2025-09-26 16:20:21,090 - INFO - Loaded file: historical_data_full\NNSB_history.csv, rows: 500
2025-09-26 16:20:21,092 - INFO - Processing asset: NNSB (type: stocks)
2025-09-26 16:20:21,119 - INFO - Loaded file: historical_data_full\NSVZ_history.csv, rows: 500
2025-09-26 16:20:21,121 - INFO - Processing asset: NSVZ (type: stocks)
2025-09-26 16:20:21,153 - INFO - Loaded file: historical_data_full\NVTK_history.csv, rows: 500
2025-09-26 16:20:21,155 - INFO - Processing asset: NVTK (type: stocks)
2025-09-26 16:20:21,188 - INFO - Loaded file: historical_data_full\OGKB_history.csv, rows: 500
2025-09-26 16:20:21,189 - INFO - Processing asset: OGKB (type: stocks)
2025-09-26 16:20:21,221 - INFO - Loaded file: historical_data_full\OKEY_history.csv, rows: 500
2025-09-26 16:20:21,223 - INFO - Processing asset: OKEY (type: stocks)
2025-09-26 16:20:21,254 - INFO - Loaded file: historical_data_full\OMZZP_history.csv, rows: 500
2025-09-26 16:20:21,256 - INFO - Processing asset: OMZZP (type: stocks)
2025-09-26 16:20:21,298 - INFO - Loaded file: historical_data_full\OZON_history.csv, rows: 500
2025-09-26 16:20:21,301 - INFO - Processing asset: OZON (type: stocks)
2025-09-26 16:20:21,337 - INFO - Loaded file: historical_data_full\OZPH_history.csv, rows: 277
2025-09-26 16:20:21,339 - INFO - Processing asset: OZPH (type: stocks)
2025-09-26 16:20:21,369 - INFO - Loaded file: historical_data_full\PAZA_history.csv, rows: 490
2025-09-26 16:20:21,370 - INFO - Processing asset: PAZA (type: stocks)
2025-09-26 16:20:21,406 - INFO - Loaded file: historical_data_full\PHOR_history.csv, rows: 500
2025-09-26 16:20:21,407 - INFO - Processing asset: PHOR (type: stocks)
2025-09-26 16:20:21,443 - INFO - Loaded file: historical_data_full\PIKK_history.csv, rows: 500
2025-09-26 16:20:21,444 - INFO - Processing asset: PIKK (type: stocks)
2025-09-26 16:20:21,477 - INFO - Loaded file: historical_data_full\PLZL_history.csv, rows: 500
2025-09-26 16:20:21,478 - INFO - Processing asset: PLZL (type: stocks)
2025-09-26 16:20:21,522 - INFO - Loaded file: historical_data_full\PMSBP_history.csv, rows: 500
2025-09-26 16:20:21,524 - INFO - Processing asset: PMSBP (type: stocks)
2025-09-26 16:20:21,557 - INFO - Loaded file: historical_data_full\PMSB_history.csv, rows: 500
2025-09-26 16:20:21,559 - INFO - Processing asset: PMSB (type: stocks)
2025-09-26 16:20:21,596 - INFO - Loaded file: historical_data_full\POSI_history.csv, rows: 500
2025-09-26 16:20:21,598 - INFO - Processing asset: POSI (type: stocks)
2025-09-26 16:20:21,629 - INFO - Loaded file: historical_data_full\PRFN_history.csv, rows: 500
2025-09-26 16:20:21,630 - INFO - Processing asset: PRFN (type: stocks)
2025-09-26 16:20:21,666 - INFO - Loaded file: historical_data_full\PRMB_history.csv, rows: 500
2025-09-26 16:20:21,668 - INFO - Processing asset: PRMB (type: stocks)
2025-09-26 16:20:21,703 - INFO - Loaded file: historical_data_full\PRMD_history.csv, rows: 346
2025-09-26 16:20:21,705 - INFO - Processing asset: PRMD (type: stocks)
2025-09-26 16:20:21,734 - INFO - Loaded file: historical_data_full\QIWI_history.csv, rows: 500
2025-09-26 16:20:21,736 - INFO - Processing asset: QIWI (type: stocks)
2025-09-26 16:20:21,769 - INFO - Loaded file: historical_data_full\RAGR_history.csv, rows: 193
2025-09-26 16:20:21,771 - INFO - Processing asset: RAGR (type: stocks)
2025-09-26 16:20:21,806 - INFO - Loaded file: historical_data_full\RASP_history.csv, rows: 500
2025-09-26 16:20:21,808 - INFO - Processing asset: RASP (type: stocks)
2025-09-26 16:20:21,838 - INFO - Loaded file: historical_data_full\RBCM_history.csv, rows: 500
2025-09-26 16:20:21,840 - INFO - Processing asset: RBCM (type: stocks)
2025-09-26 16:20:21,874 - INFO - Loaded file: historical_data_full\RDRB_history.csv, rows: 500
2025-09-26 16:20:21,875 - INFO - Processing asset: RDRB (type: stocks)
2025-09-26 16:20:21,910 - INFO - Loaded file: historical_data_full\RENI_history.csv, rows: 500
2025-09-26 16:20:21,911 - INFO - Processing asset: RENI (type: stocks)
2025-09-26 16:20:21,948 - INFO - Loaded file: historical_data_full\RGSS_history.csv, rows: 500
2025-09-26 16:20:21,950 - INFO - Processing asset: RGSS (type: stocks)
2025-09-26 16:20:21,981 - INFO - Loaded file: historical_data_full\RKKE_history.csv, rows: 500
2025-09-26 16:20:21,984 - INFO - Processing asset: RKKE (type: stocks)
2025-09-26 16:20:22,020 - INFO - Loaded file: historical_data_full\RNFT_history.csv, rows: 500
2025-09-26 16:20:22,022 - INFO - Processing asset: RNFT (type: stocks)
2025-09-26 16:20:22,060 - INFO - Loaded file: historical_data_full\ROLO_history.csv, rows: 500
2025-09-26 16:20:22,062 - INFO - Processing asset: ROLO (type: stocks)
2025-09-26 16:20:22,097 - INFO - Loaded file: historical_data_full\ROSN_history.csv, rows: 500
2025-09-26 16:20:22,098 - INFO - Processing asset: ROSN (type: stocks)
2025-09-26 16:20:22,133 - INFO - Loaded file: historical_data_full\ROST_history.csv, rows: 500
2025-09-26 16:20:22,135 - INFO - Processing asset: ROST (type: stocks)
2025-09-26 16:20:22,169 - INFO - Loaded file: historical_data_full\RTGZ_history.csv, rows: 500
2025-09-26 16:20:22,171 - INFO - Processing asset: RTGZ (type: stocks)
2025-09-26 16:20:22,210 - INFO - Loaded file: historical_data_full\RTKMP_history.csv, rows: 500
2025-09-26 16:20:22,211 - INFO - Processing asset: RTKMP (type: stocks)
2025-09-26 16:20:22,250 - INFO - Loaded file: historical_data_full\RTKM_history.csv, rows: 500
2025-09-26 16:20:22,251 - INFO - Processing asset: RTKM (type: stocks)
2025-09-26 16:20:22,285 - INFO - Loaded file: historical_data_full\RTSBP_history.csv, rows: 500
2025-09-26 16:20:22,286 - INFO - Processing asset: RTSBP (type: stocks)
2025-09-26 16:20:22,325 - INFO - Loaded file: historical_data_full\RTSB_history.csv, rows: 500
2025-09-26 16:20:22,327 - INFO - Processing asset: RTSB (type: stocks)
2025-09-26 16:20:22,363 - INFO - Loaded file: historical_data_full\RUAL_history.csv, rows: 500
2025-09-26 16:20:22,365 - INFO - Processing asset: RUAL (type: stocks)
2025-09-26 16:20:22,402 - INFO - Loaded file: historical_data_full\RUSI_history.csv, rows: 500
2025-09-26 16:20:22,404 - INFO - Processing asset: RUSI (type: stocks)
2025-09-26 16:20:22,440 - INFO - Loaded file: historical_data_full\RZSB_history.csv, rows: 500
2025-09-26 16:20:22,441 - INFO - Processing asset: RZSB (type: stocks)
2025-09-26 16:20:22,477 - INFO - Loaded file: historical_data_full\SAGOP_history.csv, rows: 500
2025-09-26 16:20:22,479 - INFO - Processing asset: SAGOP (type: stocks)
2025-09-26 16:20:22,512 - INFO - Loaded file: historical_data_full\SAGO_history.csv, rows: 500
2025-09-26 16:20:22,513 - INFO - Processing asset: SAGO (type: stocks)
2025-09-26 16:20:22,547 - INFO - Loaded file: historical_data_full\SAREP_history.csv, rows: 500
2025-09-26 16:20:22,549 - INFO - Processing asset: SAREP (type: stocks)
2025-09-26 16:20:22,582 - INFO - Loaded file: historical_data_full\SARE_history.csv, rows: 500
2025-09-26 16:20:22,583 - INFO - Processing asset: SARE (type: stocks)
2025-09-26 16:20:22,621 - INFO - Loaded file: historical_data_full\SBERP_history.csv, rows: 500
2025-09-26 16:20:22,623 - INFO - Processing asset: SBERP (type: stocks)
2025-09-26 16:20:22,653 - INFO - Loaded file: historical_data_full\SBER_history.csv, rows: 500
2025-09-26 16:20:22,656 - INFO - Processing asset: SBER (type: stocks)
2025-09-26 16:20:22,691 - INFO - Loaded file: historical_data_full\SELG_history.csv, rows: 500
2025-09-26 16:20:22,692 - INFO - Processing asset: SELG (type: stocks)
2025-09-26 16:20:22,726 - INFO - Loaded file: historical_data_full\SFIN_history.csv, rows: 500
2025-09-26 16:20:22,728 - INFO - Processing asset: SFIN (type: stocks)
2025-09-26 16:20:22,763 - INFO - Loaded file: historical_data_full\SGZH_history.csv, rows: 500
2025-09-26 16:20:22,766 - INFO - Processing asset: SGZH (type: stocks)
2025-09-26 16:20:22,804 - INFO - Loaded file: historical_data_full\SIBN_history.csv, rows: 500
2025-09-26 16:20:22,805 - INFO - Processing asset: SIBN (type: stocks)
2025-09-26 16:20:22,836 - INFO - Loaded file: historical_data_full\SLEN_history.csv, rows: 500
2025-09-26 16:20:22,837 - INFO - Processing asset: SLEN (type: stocks)
2025-09-26 16:20:22,876 - INFO - Loaded file: historical_data_full\SMLT_history.csv, rows: 500
2025-09-26 16:20:22,878 - INFO - Processing asset: SMLT (type: stocks)
2025-09-26 16:20:22,919 - INFO - Loaded file: historical_data_full\SNGSP_history.csv, rows: 500
2025-09-26 16:20:22,921 - INFO - Processing asset: SNGSP (type: stocks)
2025-09-26 16:20:22,959 - INFO - Loaded file: historical_data_full\SNGS_history.csv, rows: 500
2025-09-26 16:20:22,961 - INFO - Processing asset: SNGS (type: stocks)
2025-09-26 16:20:22,994 - INFO - Loaded file: historical_data_full\SOFL_history.csv, rows: 500
2025-09-26 16:20:22,995 - INFO - Processing asset: SOFL (type: stocks)
2025-09-26 16:20:23,025 - INFO - Loaded file: historical_data_full\SPBE_history.csv, rows: 500
2025-09-26 16:20:23,026 - INFO - Processing asset: SPBE (type: stocks)
2025-09-26 16:20:23,062 - INFO - Loaded file: historical_data_full\STSBP_history.csv, rows: 500
2025-09-26 16:20:23,063 - INFO - Processing asset: STSBP (type: stocks)
2025-09-26 16:20:23,102 - INFO - Loaded file: historical_data_full\STSB_history.csv, rows: 500
2025-09-26 16:20:23,103 - INFO - Processing asset: STSB (type: stocks)
2025-09-26 16:20:23,137 - INFO - Loaded file: historical_data_full\SVAV_history.csv, rows: 500
2025-09-26 16:20:23,139 - INFO - Processing asset: SVAV (type: stocks)
2025-09-26 16:20:23,188 - INFO - Loaded file: historical_data_full\SVCB_history.csv, rows: 498
2025-09-26 16:20:23,189 - INFO - Processing asset: SVCB (type: stocks)
2025-09-26 16:20:23,224 - INFO - Loaded file: historical_data_full\SVETP_history.csv, rows: 347
2025-09-26 16:20:23,225 - INFO - Processing asset: SVETP (type: stocks)
2025-09-26 16:20:23,262 - INFO - Loaded file: historical_data_full\SVET_history.csv, rows: 500
2025-09-26 16:20:23,263 - INFO - Processing asset: SVET (type: stocks)
2025-09-26 16:20:23,299 - INFO - Loaded file: historical_data_full\TASBP_history.csv, rows: 500
2025-09-26 16:20:23,300 - INFO - Processing asset: TASBP (type: stocks)
2025-09-26 16:20:23,334 - INFO - Loaded file: historical_data_full\TASB_history.csv, rows: 500
2025-09-26 16:20:23,335 - INFO - Processing asset: TASB (type: stocks)
2025-09-26 16:20:23,371 - INFO - Loaded file: historical_data_full\TATNP_history.csv, rows: 500
2025-09-26 16:20:23,373 - INFO - Processing asset: TATNP (type: stocks)
2025-09-26 16:20:23,411 - INFO - Loaded file: historical_data_full\TATN_history.csv, rows: 500
2025-09-26 16:20:23,412 - INFO - Processing asset: TATN (type: stocks)
2025-09-26 16:20:23,449 - INFO - Loaded file: historical_data_full\TGKA_history.csv, rows: 500
2025-09-26 16:20:23,451 - INFO - Processing asset: TGKA (type: stocks)
2025-09-26 16:20:23,483 - INFO - Loaded file: historical_data_full\TGKBP_history.csv, rows: 500
2025-09-26 16:20:23,485 - INFO - Processing asset: TGKBP (type: stocks)
2025-09-26 16:20:23,519 - INFO - Loaded file: historical_data_full\TGKB_history.csv, rows: 500
2025-09-26 16:20:23,521 - INFO - Processing asset: TGKB (type: stocks)
2025-09-26 16:20:23,554 - INFO - Loaded file: historical_data_full\TGKN_history.csv, rows: 500
2025-09-26 16:20:23,554 - INFO - Processing asset: TGKN (type: stocks)
2025-09-26 16:20:23,587 - INFO - Loaded file: historical_data_full\TNSE_history.csv, rows: 500
2025-09-26 16:20:23,589 - INFO - Processing asset: TNSE (type: stocks)
2025-09-26 16:20:23,621 - INFO - Loaded file: historical_data_full\TORSP_history.csv, rows: 500
2025-09-26 16:20:23,622 - INFO - Processing asset: TORSP (type: stocks)
2025-09-26 16:20:23,655 - INFO - Loaded file: historical_data_full\TORS_history.csv, rows: 500
2025-09-26 16:20:23,657 - INFO - Processing asset: TORS (type: stocks)
2025-09-26 16:20:23,699 - INFO - Loaded file: historical_data_full\TRMK_history.csv, rows: 500
2025-09-26 16:20:23,701 - INFO - Processing asset: TRMK (type: stocks)
2025-09-26 16:20:23,733 - INFO - Loaded file: historical_data_full\TRNFP_history.csv, rows: 500
2025-09-26 16:20:23,734 - INFO - Processing asset: TRNFP (type: stocks)
2025-09-26 16:20:23,772 - INFO - Loaded file: historical_data_full\TTLK_history.csv, rows: 500
2025-09-26 16:20:23,773 - INFO - Processing asset: TTLK (type: stocks)
2025-09-26 16:20:23,811 - INFO - Loaded file: historical_data_full\TUZA_history.csv, rows: 500
2025-09-26 16:20:23,812 - INFO - Processing asset: TUZA (type: stocks)
2025-09-26 16:20:23,849 - INFO - Loaded file: historical_data_full\T_history.csv, rows: 500
2025-09-26 16:20:23,850 - INFO - Processing asset: T (type: stocks)
2025-09-26 16:20:23,883 - INFO - Loaded file: historical_data_full\UGLD_history.csv, rows: 500
2025-09-26 16:20:23,885 - INFO - Processing asset: UGLD (type: stocks)
2025-09-26 16:20:23,921 - INFO - Loaded file: historical_data_full\UKUZ_history.csv, rows: 500
2025-09-26 16:20:23,923 - INFO - Processing asset: UKUZ (type: stocks)
2025-09-26 16:20:23,959 - INFO - Loaded file: historical_data_full\UNAC_history.csv, rows: 500
2025-09-26 16:20:23,961 - INFO - Processing asset: UNAC (type: stocks)
2025-09-26 16:20:23,997 - INFO - Loaded file: historical_data_full\UNKL_history.csv, rows: 500
2025-09-26 16:20:23,999 - INFO - Processing asset: UNKL (type: stocks)
2025-09-26 16:20:24,033 - INFO - Loaded file: historical_data_full\UPRO_history.csv, rows: 500
2025-09-26 16:20:24,034 - INFO - Processing asset: UPRO (type: stocks)
2025-09-26 16:20:24,067 - INFO - Loaded file: historical_data_full\URKZ_history.csv, rows: 500
2025-09-26 16:20:24,069 - INFO - Processing asset: URKZ (type: stocks)
2025-09-26 16:20:24,102 - INFO - Loaded file: historical_data_full\USBN_history.csv, rows: 500
2025-09-26 16:20:24,103 - INFO - Processing asset: USBN (type: stocks)
2025-09-26 16:20:24,137 - INFO - Loaded file: historical_data_full\UTAR_history.csv, rows: 500
2025-09-26 16:20:24,138 - INFO - Processing asset: UTAR (type: stocks)
2025-09-26 16:20:24,166 - INFO - Loaded file: historical_data_full\UWGN_history.csv, rows: 222
2025-09-26 16:20:24,168 - INFO - Processing asset: UWGN (type: stocks)
2025-09-26 16:20:24,205 - INFO - Loaded file: historical_data_full\VEON-RX_history.csv, rows: 500
2025-09-26 16:20:24,206 - INFO - Processing asset: VEON-RX (type: stocks)
2025-09-26 16:20:24,248 - INFO - Loaded file: historical_data_full\VGSBP_history.csv, rows: 500
2025-09-26 16:20:24,248 - INFO - Processing asset: VGSBP (type: stocks)
2025-09-26 16:20:24,282 - INFO - Loaded file: historical_data_full\VGSB_history.csv, rows: 500
2025-09-26 16:20:24,284 - INFO - Processing asset: VGSB (type: stocks)
2025-09-26 16:20:24,320 - INFO - Loaded file: historical_data_full\VJGZP_history.csv, rows: 500
2025-09-26 16:20:24,321 - INFO - Processing asset: VJGZP (type: stocks)
2025-09-26 16:20:24,353 - INFO - Loaded file: historical_data_full\VJGZ_history.csv, rows: 500
2025-09-26 16:20:24,355 - INFO - Processing asset: VJGZ (type: stocks)
2025-09-26 16:20:24,412 - INFO - Loaded file: historical_data_full\VKCO_history.csv, rows: 500
2025-09-26 16:20:24,413 - INFO - Processing asset: VKCO (type: stocks)
2025-09-26 16:20:24,451 - INFO - Loaded file: historical_data_full\VLHZ_history.csv, rows: 500
2025-09-26 16:20:24,452 - INFO - Processing asset: VLHZ (type: stocks)
2025-09-26 16:20:24,489 - INFO - Loaded file: historical_data_full\VRSBP_history.csv, rows: 500
2025-09-26 16:20:24,489 - INFO - Processing asset: VRSBP (type: stocks)
2025-09-26 16:20:24,523 - INFO - Loaded file: historical_data_full\VRSB_history.csv, rows: 500
2025-09-26 16:20:24,524 - INFO - Processing asset: VRSB (type: stocks)
2025-09-26 16:20:24,557 - INFO - Loaded file: historical_data_full\VSEH_history.csv, rows: 351
2025-09-26 16:20:24,559 - INFO - Processing asset: VSEH (type: stocks)
2025-09-26 16:20:24,594 - INFO - Loaded file: historical_data_full\VSMO_history.csv, rows: 500
2025-09-26 16:20:24,596 - INFO - Processing asset: VSMO (type: stocks)
2025-09-26 16:20:24,634 - INFO - Loaded file: historical_data_full\VSYDP_history.csv, rows: 500
2025-09-26 16:20:24,635 - INFO - Processing asset: VSYDP (type: stocks)
2025-09-26 16:20:24,669 - INFO - Loaded file: historical_data_full\VSYD_history.csv, rows: 500
2025-09-26 16:20:24,670 - INFO - Processing asset: VSYD (type: stocks)
2025-09-26 16:20:24,702 - INFO - Loaded file: historical_data_full\VTBR_history.csv, rows: 500
2025-09-26 16:20:24,704 - INFO - Processing asset: VTBR (type: stocks)
2025-09-26 16:20:24,737 - INFO - Loaded file: historical_data_full\WTCMP_history.csv, rows: 500
2025-09-26 16:20:24,739 - INFO - Processing asset: WTCMP (type: stocks)
2025-09-26 16:20:24,770 - INFO - Loaded file: historical_data_full\WTCM_history.csv, rows: 500
2025-09-26 16:20:24,772 - INFO - Processing asset: WTCM (type: stocks)
2025-09-26 16:20:24,811 - INFO - Loaded file: historical_data_full\WUSH_history.csv, rows: 500
2025-09-26 16:20:24,813 - INFO - Processing asset: WUSH (type: stocks)
2025-09-26 16:20:24,851 - INFO - Loaded file: historical_data_full\X5_history.csv, rows: 228
2025-09-26 16:20:24,852 - INFO - Processing asset: X5 (type: stocks)
2025-09-26 16:20:24,883 - INFO - Loaded file: historical_data_full\YAKG_history.csv, rows: 500
2025-09-26 16:20:24,884 - INFO - Processing asset: YAKG (type: stocks)
2025-09-26 16:20:24,919 - INFO - Loaded file: historical_data_full\YDEX_history.csv, rows: 344
2025-09-26 16:20:24,920 - INFO - Processing asset: YDEX (type: stocks)
2025-09-26 16:20:24,950 - INFO - Loaded file: historical_data_full\YKENP_history.csv, rows: 500
2025-09-26 16:20:24,952 - INFO - Processing asset: YKENP (type: stocks)
2025-09-26 16:20:25,009 - INFO - Loaded file: historical_data_full\YKEN_history.csv, rows: 500
2025-09-26 16:20:25,011 - INFO - Processing asset: YKEN (type: stocks)
2025-09-26 16:20:25,046 - INFO - Loaded file: historical_data_full\YRSBP_history.csv, rows: 500
2025-09-26 16:20:25,047 - INFO - Processing asset: YRSBP (type: stocks)
2025-09-26 16:20:25,082 - INFO - Loaded file: historical_data_full\YRSB_history.csv, rows: 500
2025-09-26 16:20:25,083 - INFO - Processing asset: YRSB (type: stocks)
2025-09-26 16:20:25,117 - INFO - Loaded file: historical_data_full\ZAYM_history.csv, rows: 413
2025-09-26 16:20:25,119 - INFO - Processing asset: ZAYM (type: stocks)
2025-09-26 16:20:25,154 - INFO - Loaded file: historical_data_full\ZILL_history.csv, rows: 500
2025-09-26 16:20:25,156 - INFO - Processing asset: ZILL (type: stocks)
2025-09-26 16:20:25,192 - INFO - Loaded file: historical_data_full\ZVEZ_history.csv, rows: 500
2025-09-26 16:20:25,194 - INFO - Processing asset: ZVEZ (type: stocks)
2025-09-26 16:20:25,195 - INFO - 
--- Processing indices from historical_data_indices ---
2025-09-26 16:20:25,195 - INFO - Found 2 CSV files in historical_data_indices
2025-09-26 16:20:25,198 - INFO - Loaded file: historical_data_indices\IMOEX_history.csv, rows: 100
2025-09-26 16:20:25,200 - INFO - Processing asset: IMOEX (type: indices)
2025-09-26 16:20:25,201 - WARNING - VOLUME not found in historical_data_indices\IMOEX_history.csv, filled with zeros.
2025-09-26 16:20:25,235 - INFO - Loaded file: historical_data_indices\RTSI_history.csv, rows: 100
2025-09-26 16:20:25,237 - INFO - Processing asset: RTSI (type: indices)
2025-09-26 16:20:25,237 - WARNING - VOLUME not found in historical_data_indices\RTSI_history.csv, filled with zeros.
2025-09-26 16:20:25,238 - INFO - 
--- Processing currency from historical_data_currency ---
2025-09-26 16:20:25,238 - INFO - Found 2 CSV files in historical_data_currency
2025-09-26 16:20:25,271 - INFO - Loaded file: historical_data_currency\EUR_RUB__TOM_history.csv, rows: 100
2025-09-26 16:20:25,272 - INFO - Processing asset: EUR_RUB__TOM (type: currency)
2025-09-26 16:20:25,276 - INFO - Loaded file: historical_data_currency\USD000UTSTOM_history.csv, rows: 100
2025-09-26 16:20:25,277 - INFO - Processing asset: USD000UTSTOM (type: currency)
2025-09-26 16:20:25,278 - INFO - 
--- Processing oil from historical_data_oil ---
2025-09-26 16:20:25,279 - INFO - Found 1 CSV files in historical_data_oil
2025-09-26 16:20:25,315 - INFO - Loaded file: historical_data_oil\BRV5_history.csv, rows: 100
2025-09-26 16:20:25,316 - INFO - Processing asset: BRV5 (type: oil)
2025-09-26 16:20:25,317 - INFO - 
--- Processing other from historical_data_other ---
2025-09-26 16:20:25,317 - INFO - Found 1 CSV files in historical_data_other
2025-09-26 16:20:25,320 - INFO - Loaded file: historical_data_other\cbr_key_rate_history_html.csv, rows: 6
2025-09-26 16:20:25,321 - INFO - Processing 'other' file: cbr_key_rate_history_html from historical_data_other\cbr_key_rate_history_html.csv
2025-09-26 16:20:25,322 - INFO -     Processed indicator: cbr_key_rate_history_html_KEY_RATE
2025-09-26 16:20:25,322 - INFO - 
Combining 260 DataFrames...
2025-09-26 16:20:26,870 - INFO - Final dataset: 741 rows, 1299 columns.
2025-09-26 16:20:26,871 - INFO - 
Processing missing values...
2025-09-26 16:20:26,883 - INFO -   Filling prices (ffill/bfill): 1036 columns.
2025-09-26 16:20:26,979 - INFO -   Filling volumes (0): 259 columns.
2025-09-26 16:20:26,998 - INFO -   Filling others (0 or ffill): 3 columns.
2025-09-26 16:20:26,998 - INFO -     Filling macro indicators (ffill): ['cbr_key_rate_history_html_KEY_RATE']
2025-09-26 16:20:26,999 - INFO -     Filling remaining (0): ['VALUE_x', 'VALUE_y']
2025-09-26 16:20:27,000 - INFO - 
Creating target variable for GAZP...
2025-09-26 16:20:27,022 - INFO -   Created 740 rows with target variable.
2025-09-26 16:20:27,022 - INFO - 
Saving combined dataset to data\combined_dataset.csv...
2025-09-26 16:20:27,480 - INFO - Data combining completed.
