2025-09-26 16:20:47,752 - INFO - Starting creation of dataset with TARGET_DIRECTION for ALL stocks...
2025-09-26 16:20:47,753 - INFO - Loading dataset from data\combined_dataset.csv...
2025-09-26 16:20:47,887 - INFO - Dataset loaded: 740 rows, 1301 columns.
2025-09-26 16:20:47,887 - INFO - 
--- Adding TARGET_DIRECTION for all tickers ---
2025-09-26 16:20:47,887 - INFO - Found 260 columns with closing prices (_CLOSE).
2025-09-26 16:20:47,888 - INFO - Extracted tickers: ['ABIO', 'ABRD', 'AFKS', 'AFLT', 'AKRN', 'ALRS', 'AMEZ', 'APRI', 'APTK', 'AQUA']... (first 10)
2025-09-26 16:20:47,888 - INFO -   Creating target variable for ABIO...
2025-09-26 16:20:47,888 - INFO -   Creating target variable for ABRD...
2025-09-26 16:20:47,890 - INFO -   Creating target variable for AFKS...
2025-09-26 16:20:47,891 - INFO -   Creating target variable for AFLT...
2025-09-26 16:20:47,891 - INFO -   Creating target variable for AKRN...
2025-09-26 16:20:47,891 - INFO -   Creating target variable for ALRS...
2025-09-26 16:20:47,891 - INFO -   Creating target variable for AMEZ...
2025-09-26 16:20:47,891 - INFO -   Creating target variable for APRI...
2025-09-26 16:20:47,892 - INFO -   Creating target variable for APTK...
2025-09-26 16:20:47,892 - INFO -   Creating target variable for AQUA...
2025-09-26 16:20:47,892 - INFO -   Creating target variable for ARSA...
2025-09-26 16:20:47,892 - INFO -   Creating target variable for ASSB...
2025-09-26 16:20:47,893 - INFO -   Creating target variable for ASTR...
2025-09-26 16:20:47,893 - INFO -   Creating target variable for AVAN...
2025-09-26 16:20:47,893 - INFO -   Creating target variable for BANEP...
2025-09-26 16:20:47,893 - INFO -   Creating target variable for BANE...
2025-09-26 16:20:47,894 - INFO -   Creating target variable for BELU...
2025-09-26 16:20:47,894 - INFO -   Creating target variable for BISVP...
2025-09-26 16:20:47,894 - INFO -   Creating target variable for BLNG...
2025-09-26 16:20:47,895 - INFO -   Creating target variable for BRZL...
2025-09-26 16:20:47,895 - INFO -   Creating target variable for BSPBP...
2025-09-26 16:20:47,895 - INFO -   Creating target variable for BSPB...
2025-09-26 16:20:47,895 - INFO -   Creating target variable for CARM...
2025-09-26 16:20:47,895 - INFO -   Creating target variable for CBOM...
2025-09-26 16:20:47,896 - INFO -   Creating target variable for CHGZ...
2025-09-26 16:20:47,896 - INFO -   Creating target variable for CHKZ...
2025-09-26 16:20:47,896 - INFO -   Creating target variable for CHMF...
2025-09-26 16:20:47,896 - INFO -   Creating target variable for CHMK...
2025-09-26 16:20:47,897 - INFO -   Creating target variable for CNRU...
2025-09-26 16:20:47,897 - INFO -   Creating target variable for CNTLP...
2025-09-26 16:20:47,897 - INFO -   Creating target variable for CNTL...
2025-09-26 16:20:47,897 - INFO -   Creating target variable for DATA...
2025-09-26 16:20:47,897 - INFO -   Creating target variable for DELI...
2025-09-26 16:20:47,898 - INFO -   Creating target variable for DIAS...
2025-09-26 16:20:47,898 - INFO -   Creating target variable for DIOD...
2025-09-26 16:20:47,898 - INFO -   Creating target variable for DVEC...
2025-09-26 16:20:47,898 - INFO -   Creating target variable for DZRDP...
2025-09-26 16:20:47,899 - INFO -   Creating target variable for DZRD...
2025-09-26 16:20:47,899 - INFO -   Creating target variable for EELT...
2025-09-26 16:20:47,899 - INFO -   Creating target variable for ELFV...
2025-09-26 16:20:47,899 - INFO -   Creating target variable for ELMT...
2025-09-26 16:20:47,900 - INFO -   Creating target variable for ENPG...
2025-09-26 16:20:47,900 - INFO -   Creating target variable for ETLN...
2025-09-26 16:20:47,900 - INFO -   Creating target variable for EUTR...
2025-09-26 16:20:47,900 - INFO -   Creating target variable for FEES...
2025-09-26 16:20:47,900 - INFO -   Creating target variable for FESH...
2025-09-26 16:20:47,901 - INFO -   Creating target variable for FIXR...
2025-09-26 16:20:47,901 - INFO -   Creating target variable for FLOT...
2025-09-26 16:20:47,901 - INFO -   Creating target variable for GAZAP...
2025-09-26 16:20:47,902 - INFO -   Creating target variable for GAZA...
2025-09-26 16:20:47,902 - INFO -   Creating target variable for GAZP...
2025-09-26 16:20:47,902 - INFO -   Creating target variable for GCHE...
2025-09-26 16:20:47,902 - INFO -   Creating target variable for GECO...
2025-09-26 16:20:47,903 - INFO -   Creating target variable for GEMA...
2025-09-26 16:20:47,903 - INFO -   Creating target variable for GEMC...
2025-09-26 16:20:47,903 - INFO -   Creating target variable for GMKN...
2025-09-26 16:20:47,903 - INFO -   Creating target variable for GTRK...
2025-09-26 16:20:47,903 - INFO -   Creating target variable for HEAD...
2025-09-26 16:20:47,904 - INFO -   Creating target variable for HIMCP...
2025-09-26 16:20:47,904 - INFO -   Creating target variable for HNFG...
2025-09-26 16:20:47,904 - INFO -   Creating target variable for HYDR...
2025-09-26 16:20:47,904 - INFO -   Creating target variable for IGSTP...
2025-09-26 16:20:47,905 - INFO -   Creating target variable for IGST...
2025-09-26 16:20:47,905 - INFO -   Creating target variable for IRAO...
2025-09-26 16:20:47,905 - INFO -   Creating target variable for IRKT...
2025-09-26 16:20:47,906 - INFO -   Creating target variable for IVAT...
2025-09-26 16:20:47,906 - INFO -   Creating target variable for JNOSP...
2025-09-26 16:20:47,906 - INFO -   Creating target variable for JNOS...
2025-09-26 16:20:47,906 - INFO -   Creating target variable for KAZTP...
2025-09-26 16:20:47,906 - INFO -   Creating target variable for KAZT...
2025-09-26 16:20:47,907 - INFO -   Creating target variable for KBSB...
2025-09-26 16:20:47,907 - INFO -   Creating target variable for KCHEP...
2025-09-26 16:20:47,907 - INFO -   Creating target variable for KCHE...
2025-09-26 16:20:47,907 - INFO -   Creating target variable for KFBA...
2025-09-26 16:20:47,908 - INFO -   Creating target variable for KGKCP...
2025-09-26 16:20:47,908 - INFO -   Creating target variable for KGKC...
2025-09-26 16:20:47,908 - INFO -   Creating target variable for KLSB...
2025-09-26 16:20:47,908 - INFO -   Creating target variable for KLVZ...
2025-09-26 16:20:47,909 - INFO -   Creating target variable for KMAZ...
2025-09-26 16:20:47,909 - INFO -   Creating target variable for KMEZ...
2025-09-26 16:20:47,910 - INFO -   Creating target variable for KOGK...
2025-09-26 16:20:47,910 - INFO -   Creating target variable for KRKNP...
2025-09-26 16:20:47,910 - INFO -   Creating target variable for KRKN...
2025-09-26 16:20:47,910 - INFO -   Creating target variable for KRKOP...
2025-09-26 16:20:47,911 - INFO -   Creating target variable for KROTP...
2025-09-26 16:20:47,911 - INFO -   Creating target variable for KROT...
2025-09-26 16:20:47,912 - INFO -   Creating target variable for KRSBP...
2025-09-26 16:20:47,912 - INFO -   Creating target variable for KRSB...
2025-09-26 16:20:47,912 - INFO -   Creating target variable for KUZB...
2025-09-26 16:20:47,912 - INFO -   Creating target variable for KZOSP...
2025-09-26 16:20:47,913 - INFO -   Creating target variable for KZOS...
2025-09-26 16:20:47,913 - INFO -   Creating target variable for LEAS...
2025-09-26 16:20:47,913 - INFO -   Creating target variable for LENT...
2025-09-26 16:20:47,913 - INFO -   Creating target variable for LIFE...
2025-09-26 16:20:47,914 - INFO -   Creating target variable for LKOH...
2025-09-26 16:20:47,914 - INFO -   Creating target variable for LMBZ...
2025-09-26 16:20:47,914 - INFO -   Creating target variable for LNZLP...
2025-09-26 16:20:47,914 - INFO -   Creating target variable for LNZL...
2025-09-26 16:20:47,915 - INFO -   Creating target variable for LPSB...
2025-09-26 16:20:47,915 - INFO -   Creating target variable for LSNGP...
2025-09-26 16:20:47,915 - INFO -   Creating target variable for LSNG...
2025-09-26 16:20:47,915 - INFO -   Creating target variable for LSRG...
2025-09-26 16:20:47,916 - INFO -   Creating target variable for LVHK...
2025-09-26 16:20:47,916 - INFO -   Creating target variable for MAGEP...
2025-09-26 16:20:47,916 - INFO -   Creating target variable for MAGE...
2025-09-26 16:20:47,916 - INFO -   Creating target variable for MAGN...
2025-09-26 16:20:47,917 - INFO -   Creating target variable for MBNK...
2025-09-26 16:20:47,917 - INFO -   Creating target variable for MDMG...
2025-09-26 16:20:47,917 - INFO -   Creating target variable for MFGSP...
2025-09-26 16:20:47,918 - INFO -   Creating target variable for MFGS...
2025-09-26 16:20:47,918 - INFO -   Creating target variable for MGKL...
2025-09-26 16:20:47,918 - INFO -   Creating target variable for MGNT...
2025-09-26 16:20:47,918 - INFO -   Creating target variable for MGTSP...
2025-09-26 16:20:47,919 - INFO -   Creating target variable for MGTS...
2025-09-26 16:20:47,919 - INFO -   Creating target variable for MISBP...
2025-09-26 16:20:47,919 - INFO -   Creating target variable for MISB...
2025-09-26 16:20:47,919 - INFO -   Creating target variable for MOEX...
2025-09-26 16:20:47,920 - INFO -   Creating target variable for MRKC...
2025-09-26 16:20:47,920 - INFO -   Creating target variable for MRKK...
2025-09-26 16:20:47,920 - INFO -   Creating target variable for MRKP...
2025-09-26 16:20:47,920 - INFO -   Creating target variable for MRKS...
2025-09-26 16:20:47,921 - INFO -   Creating target variable for MRKU...
2025-09-26 16:20:47,921 - INFO -   Creating target variable for MRKV...
2025-09-26 16:20:47,921 - INFO -   Creating target variable for MRKY...
2025-09-26 16:20:47,921 - INFO -   Creating target variable for MRKZ...
2025-09-26 16:20:47,922 - INFO -   Creating target variable for MRSB...
2025-09-26 16:20:47,922 - INFO -   Creating target variable for MSNG...
2025-09-26 16:20:47,922 - INFO -   Creating target variable for MSRS...
2025-09-26 16:20:47,922 - INFO -   Creating target variable for MSTT...
2025-09-26 16:20:47,923 - INFO -   Creating target variable for MTLRP...
2025-09-26 16:20:47,923 - INFO -   Creating target variable for MTLR...
2025-09-26 16:20:47,923 - INFO -   Creating target variable for MTSS...
2025-09-26 16:20:47,923 - INFO -   Creating target variable for MVID...
2025-09-26 16:20:47,924 - INFO -   Creating target variable for NAUK...
2025-09-26 16:20:47,924 - INFO -   Creating target variable for NFAZ...
2025-09-26 16:20:47,924 - INFO -   Creating target variable for NKHP...
2025-09-26 16:20:47,924 - INFO -   Creating target variable for NKNCP...
2025-09-26 16:20:47,925 - INFO -   Creating target variable for NKNC...
2025-09-26 16:20:47,925 - INFO -   Creating target variable for NKSH...
2025-09-26 16:20:47,925 - INFO -   Creating target variable for NLMK...
2025-09-26 16:20:47,925 - INFO -   Creating target variable for NMTP...
2025-09-26 16:20:47,926 - INFO -   Creating target variable for NNSBP...
2025-09-26 16:20:47,926 - INFO -   Creating target variable for NNSB...
2025-09-26 16:20:47,926 - INFO -   Creating target variable for NSVZ...
2025-09-26 16:20:47,926 - INFO -   Creating target variable for NVTK...
2025-09-26 16:20:47,927 - INFO -   Creating target variable for OGKB...
2025-09-26 16:20:47,927 - INFO -   Creating target variable for OKEY...
2025-09-26 16:20:47,927 - INFO -   Creating target variable for OMZZP...
2025-09-26 16:20:47,928 - INFO -   Creating target variable for OZON...
2025-09-26 16:20:47,928 - INFO -   Creating target variable for OZPH...
2025-09-26 16:20:47,928 - INFO -   Creating target variable for PAZA...
2025-09-26 16:20:47,929 - INFO -   Creating target variable for PHOR...
2025-09-26 16:20:47,929 - INFO -   Creating target variable for PIKK...
2025-09-26 16:20:47,929 - INFO -   Creating target variable for PLZL...
2025-09-26 16:20:47,929 - INFO -   Creating target variable for PMSBP...
2025-09-26 16:20:47,930 - INFO -   Creating target variable for PMSB...
2025-09-26 16:20:47,930 - INFO -   Creating target variable for POSI...
2025-09-26 16:20:47,930 - INFO -   Creating target variable for PRFN...
2025-09-26 16:20:47,930 - INFO -   Creating target variable for PRMB...
2025-09-26 16:20:47,931 - INFO -   Creating target variable for PRMD...
2025-09-26 16:20:47,931 - INFO -   Creating target variable for QIWI...
2025-09-26 16:20:47,931 - INFO -   Creating target variable for RAGR...
2025-09-26 16:20:47,931 - INFO -   Creating target variable for RASP...
2025-09-26 16:20:47,932 - INFO -   Creating target variable for RBCM...
2025-09-26 16:20:47,932 - INFO -   Creating target variable for RDRB...
2025-09-26 16:20:47,932 - INFO -   Creating target variable for RENI...
2025-09-26 16:20:47,933 - INFO -   Creating target variable for RGSS...
2025-09-26 16:20:47,933 - INFO -   Creating target variable for RKKE...
2025-09-26 16:20:47,933 - INFO -   Creating target variable for RNFT...
2025-09-26 16:20:47,934 - INFO -   Creating target variable for ROLO...
2025-09-26 16:20:47,934 - INFO -   Creating target variable for ROSN...
2025-09-26 16:20:47,934 - INFO -   Creating target variable for ROST...
2025-09-26 16:20:47,934 - INFO -   Creating target variable for RTGZ...
2025-09-26 16:20:47,935 - INFO -   Creating target variable for RTKMP...
2025-09-26 16:20:47,935 - INFO -   Creating target variable for RTKM...
2025-09-26 16:20:47,935 - INFO -   Creating target variable for RTSBP...
2025-09-26 16:20:47,935 - INFO -   Creating target variable for RTSB...
2025-09-26 16:20:47,936 - INFO -   Creating target variable for RUAL...
2025-09-26 16:20:47,936 - INFO -   Creating target variable for RUSI...
2025-09-26 16:20:47,936 - INFO -   Creating target variable for RZSB...
2025-09-26 16:20:47,937 - INFO -   Creating target variable for SAGOP...
2025-09-26 16:20:47,937 - INFO -   Creating target variable for SAGO...
2025-09-26 16:20:47,937 - INFO -   Creating target variable for SAREP...
2025-09-26 16:20:47,937 - INFO -   Creating target variable for SARE...
2025-09-26 16:20:47,938 - INFO -   Creating target variable for SBERP...
2025-09-26 16:20:47,938 - INFO -   Creating target variable for SBER...
2025-09-26 16:20:47,938 - INFO -   Creating target variable for SELG...
2025-09-26 16:20:47,938 - INFO -   Creating target variable for SFIN...
2025-09-26 16:20:47,939 - INFO -   Creating target variable for SGZH...
2025-09-26 16:20:47,939 - INFO -   Creating target variable for SIBN...
2025-09-26 16:20:47,939 - INFO -   Creating target variable for SLEN...
2025-09-26 16:20:47,940 - INFO -   Creating target variable for SMLT...
2025-09-26 16:20:47,940 - INFO -   Creating target variable for SNGSP...
2025-09-26 16:20:47,940 - INFO -   Creating target variable for SNGS...
2025-09-26 16:20:47,940 - INFO -   Creating target variable for SOFL...
2025-09-26 16:20:47,941 - INFO -   Creating target variable for SPBE...
2025-09-26 16:20:47,941 - INFO -   Creating target variable for STSBP...
2025-09-26 16:20:47,941 - INFO -   Creating target variable for STSB...
2025-09-26 16:20:47,941 - INFO -   Creating target variable for SVAV...
2025-09-26 16:20:47,942 - INFO -   Creating target variable for SVCB...
2025-09-26 16:20:47,942 - INFO -   Creating target variable for SVETP...
2025-09-26 16:20:47,942 - INFO -   Creating target variable for SVET...
2025-09-26 16:20:47,943 - INFO -   Creating target variable for TASBP...
2025-09-26 16:20:47,943 - INFO -   Creating target variable for TASB...
2025-09-26 16:20:47,943 - INFO -   Creating target variable for TATNP...
2025-09-26 16:20:47,943 - INFO -   Creating target variable for TATN...
2025-09-26 16:20:47,944 - INFO -   Creating target variable for TGKA...
2025-09-26 16:20:47,944 - INFO -   Creating target variable for TGKBP...
2025-09-26 16:20:47,944 - INFO -   Creating target variable for TGKB...
2025-09-26 16:20:47,945 - INFO -   Creating target variable for TGKN...
2025-09-26 16:20:47,945 - INFO -   Creating target variable for TNSE...
2025-09-26 16:20:47,945 - INFO -   Creating target variable for TORSP...
2025-09-26 16:20:47,946 - INFO -   Creating target variable for TORS...
2025-09-26 16:20:47,946 - INFO -   Creating target variable for TRMK...
2025-09-26 16:20:47,946 - INFO -   Creating target variable for TRNFP...
2025-09-26 16:20:47,947 - INFO -   Creating target variable for TTLK...
2025-09-26 16:20:47,947 - INFO -   Creating target variable for TUZA...
2025-09-26 16:20:47,947 - INFO -   Creating target variable for T...
2025-09-26 16:20:47,947 - INFO -   Creating target variable for UGLD...
2025-09-26 16:20:47,948 - INFO -   Creating target variable for UKUZ...
2025-09-26 16:20:47,948 - INFO -   Creating target variable for UNAC...
2025-09-26 16:20:47,948 - INFO -   Creating target variable for UNKL...
2025-09-26 16:20:47,949 - INFO -   Creating target variable for UPRO...
2025-09-26 16:20:47,949 - INFO -   Creating target variable for URKZ...
2025-09-26 16:20:47,949 - INFO -   Creating target variable for USBN...
2025-09-26 16:20:47,949 - INFO -   Creating target variable for UTAR...
2025-09-26 16:20:47,950 - INFO -   Creating target variable for UWGN...
2025-09-26 16:20:47,950 - INFO -   Creating target variable for VEON-RX...
2025-09-26 16:20:47,950 - INFO -   Creating target variable for VGSBP...
2025-09-26 16:20:47,950 - INFO -   Creating target variable for VGSB...
2025-09-26 16:20:47,951 - INFO -   Creating target variable for VJGZP...
2025-09-26 16:20:47,951 - INFO -   Creating target variable for VJGZ...
2025-09-26 16:20:47,951 - INFO -   Creating target variable for VKCO...
2025-09-26 16:20:47,952 - INFO -   Creating target variable for VLHZ...
2025-09-26 16:20:47,952 - INFO -   Creating target variable for VRSBP...
2025-09-26 16:20:47,952 - INFO -   Creating target variable for VRSB...
2025-09-26 16:20:47,953 - INFO -   Creating target variable for VSEH...
2025-09-26 16:20:47,953 - INFO -   Creating target variable for VSMO...
2025-09-26 16:20:47,954 - INFO -   Creating target variable for VSYDP...
2025-09-26 16:20:47,954 - INFO -   Creating target variable for VSYD...
2025-09-26 16:20:47,955 - INFO -   Creating target variable for VTBR...
2025-09-26 16:20:47,955 - INFO -   Creating target variable for WTCMP...
2025-09-26 16:20:47,956 - INFO -   Creating target variable for WTCM...
2025-09-26 16:20:47,956 - INFO -   Creating target variable for WUSH...
2025-09-26 16:20:47,957 - INFO -   Creating target variable for X5...
2025-09-26 16:20:47,957 - INFO -   Creating target variable for YAKG...
2025-09-26 16:20:47,957 - INFO -   Creating target variable for YDEX...
2025-09-26 16:20:47,957 - INFO -   Creating target variable for YKENP...
2025-09-26 16:20:47,958 - INFO -   Creating target variable for YKEN...
2025-09-26 16:20:47,958 - INFO -   Creating target variable for YRSBP...
2025-09-26 16:20:47,958 - INFO -   Creating target variable for YRSB...
2025-09-26 16:20:47,958 - INFO -   Creating target variable for ZAYM...
2025-09-26 16:20:47,959 - INFO -   Creating target variable for ZILL...
2025-09-26 16:20:47,959 - INFO -   Creating target variable for ZVEZ...
2025-09-26 16:20:47,959 - INFO -   Creating target variable for IMOEX...
2025-09-26 16:20:47,959 - INFO -   Creating target variable for RTSI...
2025-09-26 16:20:47,960 - INFO -   Creating target variable for EUR_RUB__TOM...
2025-09-26 16:20:47,960 - INFO -   Creating target variable for USD000UTSTOM...
2025-09-26 16:20:47,961 - INFO -   Creating target variable for BRV5...
2025-09-26 16:20:47,961 - INFO -   Creating target variable for TARGET...
2025-09-26 16:20:47,961 - INFO - Added 260 target variables TARGET_DIRECTION_*.
2025-09-26 16:20:47,961 - INFO -   Combining 260 new TARGET_DIRECTION columns...
2025-09-26 16:20:47,971 - INFO -   All new TARGET_DIRECTION columns successfully added.
2025-09-26 16:20:47,972 - INFO - 
Saving updated dataset to data\combined_dataset_all_targets.csv...
2025-09-26 16:20:48,441 - INFO - Updated dataset saved.
2025-09-26 16:20:48,441 - INFO - Creation of dataset with TARGET_DIRECTION for ALL stocks completed.
